[New LWP 76892]
[Thread debugging using libthread_db enabled]
Using host libthread_db library "/lib/x86_64-linux-gnu/libthread_db.so.1".
0x00007f6fe389c42f in __GI___wait4 (pid=77145, stat_loc=stat_loc@entry=0x7ffd71c011f8, options=options@entry=0, usage=usage@entry=0x0) at ../sysdeps/unix/sysv/linux/wait4.c:30
30	../sysdeps/unix/sysv/linux/wait4.c: No such file or directory.
#0  0x00007f6fe389c42f in __GI___wait4 (pid=77145, stat_loc=stat_loc@entry=0x7ffd71c011f8, options=options@entry=0, usage=usage@entry=0x0) at ../sysdeps/unix/sysv/linux/wait4.c:30
        sc_ret = -512
        sc_cancel_oldtype = 0
        sc_ret = <optimized out>
#1  0x00007f6fe389c3ab in __GI___waitpid (pid=<optimized out>, stat_loc=stat_loc@entry=0x7ffd71c011f8, options=options@entry=0) at ./posix/waitpid.c:38
No locals.
#2  0x00007f6fe3802bdb in do_system (line=<optimized out>) at ../sysdeps/posix/system.c:171
        __result = <optimized out>
        _cleanup_start_doit = true
        _buffer = {__routine = 0x7f6fe3802c60 <cancel_handler>, __arg = 0x7ffd71c01200, __canceltype = 0, __prev = 0x0}
        _cleanup_routine = 0x7f6fe3802c60 <cancel_handler>
        cancel_args = {quit = 0x7f6fe39ce7a0 <quit>, intr = 0x7f6fe39ce840 <intr>, pid = 77145}
        status = -1
        ret = 0
        pid = 77145
        sa = {__sigaction_handler = {sa_handler = 0x1, sa_sigaction = 0x1}, sa_mask = {__val = {65536, 0, 0, 0, 0, 549755813888, 0, 549755813888, 0, 551897006080, 0, 18446744073709551615, 0, 18446744073709551615, 0, 18446744073709551615}}, sa_flags = 0, sa_restorer = 0x7fa00000ffffffff}
        omask = {__val = {128, 9196350441231745024, 9196350441231745024, 9196350441231745024, 9196350441231745024, 9196350441231745024, 9196350441231745024, 9196350441231745024, 9196350441231745024, 9196350441231745024, 9196350441231745024, 140726511867744, 3688783678726477863, 11442674262241403392, 140726511867744, 2}}
        reset = {__val = {6, 199, 140726511866656, 94650720022284, 140726511867040, 140118535152794, 140726511867056, 140726511866896, 140728825905153, 140726511867744, 140726511867744, 140726511867744, 140726511867744, 140726511867819, 140726511867943, 140726511867744}}
        spawn_attr = {__flags = 12, __pgrp = 0, __sd = {__val = {6, 199, 140726511866656, 94650720022284, 140726511867040, 140118535152794, 140726511867056, 140726511866896, 140728825905153, 140726511867744, 140726511867744, 140726511867744, 140726511867744, 140726511867819, 140726511867943, 140726511867744}}, __ss = {__val = {128, 9196350441231745024, 9196350441231745024, 9196350441231745024, 9196350441231745024, 9196350441231745024, 9196350441231745024, 9196350441231745024, 9196350441231745024, 9196350441231745024, 9196350441231745024, 140726511867744, 3688783678726477863, 11442674262241403392, 140726511867744, 2}}, __sp = {sched_priority = 0}, __policy = 0, __pad = {0 <repeats 16 times>}}
#3  0x000056159678d55b in AP_HAL::run_command_on_ownpid(char const*) ()
No symbol table info available.
#4  0x000056159678de0c in _sig_fpe(int) ()
No symbol table info available.
#5  <signal handler called>
No locals.
#6  0x0000561596884a88 in ProportionalController::step(float*, float*) ()
No symbol table info available.
#7  0x00005615967ff188 in AC_CustomControl_MC::update() ()
No symbol table info available.
#8  0x00005615967fee5f in AC_CustomControl::update() ()
No symbol table info available.
#9  0x000056159668e526 in AP_Scheduler::run(unsigned int) ()
No symbol table info available.
#10 0x000056159668ef0d in AP_Scheduler::loop() ()
No symbol table info available.
#11 0x00005615966932db in AP_Vehicle::loop() ()
No symbol table info available.
#12 0x0000561596786c4c in HAL_SITL::run(int, char* const*, AP_HAL::HAL::Callbacks*) const ()
No symbol table info available.
#13 0x00005615965b3da4 in main ()
No symbol table info available.

Thread 2 (Thread 0x7f6fe3779640 (LWP 76892) "log_io"):
#0  0x00007f6fe38977f8 in __GI___clock_nanosleep (clock_id=clock_id@entry=0, flags=flags@entry=0, req=req@entry=0x7f6fe3778c80, rem=rem@entry=0x0) at ../sysdeps/unix/sysv/linux/clock_nanosleep.c:78
        sc_cancel_oldtype = 0
        sc_ret = <optimized out>
        r = <optimized out>
#1  0x00007f6fe389c677 in __GI___nanosleep (req=req@entry=0x7f6fe3778c80, rem=rem@entry=0x0) at ../sysdeps/unix/sysv/linux/nanosleep.c:25
        ret = <optimized out>
#2  0x00007f6fe38cdf2f in usleep (useconds=<optimized out>) at ../sysdeps/posix/usleep.c:31
        ts = {tv_sec = 0, tv_nsec = 1000000}
#3  0x000056159678922a in HALSITL::SITL_State::wait_clock(unsigned long) ()
No symbol table info available.
#4  0x000056159678bc5d in HALSITL::Scheduler::delay_microseconds(unsigned short) ()
No symbol table info available.
#5  0x0000561596698f04 in AP_Logger::io_thread() ()
No symbol table info available.
#6  0x00005615966991af in void Functor<void>::method_wrapper<AP_Logger, &AP_Logger::io_thread>(void*) ()
No symbol table info available.
#7  0x000056159678b924 in HALSITL::Scheduler::thread_create_trampoline(void*) ()
No symbol table info available.
#8  0x00007f6fe3846ac3 in start_thread (arg=<optimized out>) at ./nptl/pthread_create.c:442
        ret = <optimized out>
        pd = <optimized out>
        out = <optimized out>
        unwind_buf = {cancel_jmp_buf = {{jmp_buf = {140726511869904, -5175267751877422093, 140118534362688, 11, 140118535202768, 140726511870256, 5112156812599088115, 5112155600533181427}, mask_was_saved = 0}}, priv = {pad = {0x0, 0x0, 0x0, 0x0}, data = {prev = 0x0, cleanup = 0x0, canceltype = 0}}}
        not_first_call = <optimized out>
#9  0x00007f6fe38d8850 in clone3 () at ../sysdeps/unix/sysv/linux/x86_64/clone3.S:81
No locals.

Thread 1 (Thread 0x7f6fe37ad740 (LWP 76113) "arducopter"):
#0  0x00007f6fe389c42f in __GI___wait4 (pid=77145, stat_loc=stat_loc@entry=0x7ffd71c011f8, options=options@entry=0, usage=usage@entry=0x0) at ../sysdeps/unix/sysv/linux/wait4.c:30
        sc_ret = -512
        sc_cancel_oldtype = 0
        sc_ret = <optimized out>
#1  0x00007f6fe389c3ab in __GI___waitpid (pid=<optimized out>, stat_loc=stat_loc@entry=0x7ffd71c011f8, options=options@entry=0) at ./posix/waitpid.c:38
No locals.
#2  0x00007f6fe3802bdb in do_system (line=<optimized out>) at ../sysdeps/posix/system.c:171
        __result = <optimized out>
        _cleanup_start_doit = true
        _buffer = {__routine = 0x7f6fe3802c60 <cancel_handler>, __arg = 0x7ffd71c01200, __canceltype = 0, __prev = 0x0}
        _cleanup_routine = 0x7f6fe3802c60 <cancel_handler>
        cancel_args = {quit = 0x7f6fe39ce7a0 <quit>, intr = 0x7f6fe39ce840 <intr>, pid = 77145}
        status = -1
        ret = 0
        pid = 77145
        sa = {__sigaction_handler = {sa_handler = 0x1, sa_sigaction = 0x1}, sa_mask = {__val = {65536, 0, 0, 0, 0, 549755813888, 0, 549755813888, 0, 551897006080, 0, 18446744073709551615, 0, 18446744073709551615, 0, 18446744073709551615}}, sa_flags = 0, sa_restorer = 0x7fa00000ffffffff}
        omask = {__val = {128, 9196350441231745024, 9196350441231745024, 9196350441231745024, 9196350441231745024, 9196350441231745024, 9196350441231745024, 9196350441231745024, 9196350441231745024, 9196350441231745024, 9196350441231745024, 140726511867744, 3688783678726477863, 11442674262241403392, 140726511867744, 2}}
        reset = {__val = {6, 199, 140726511866656, 94650720022284, 140726511867040, 140118535152794, 140726511867056, 140726511866896, 140728825905153, 140726511867744, 140726511867744, 140726511867744, 140726511867744, 140726511867819, 140726511867943, 140726511867744}}
        spawn_attr = {__flags = 12, __pgrp = 0, __sd = {__val = {6, 199, 140726511866656, 94650720022284, 140726511867040, 140118535152794, 140726511867056, 140726511866896, 140728825905153, 140726511867744, 140726511867744, 140726511867744, 140726511867744, 140726511867819, 140726511867943, 140726511867744}}, __ss = {__val = {128, 9196350441231745024, 9196350441231745024, 9196350441231745024, 9196350441231745024, 9196350441231745024, 9196350441231745024, 9196350441231745024, 9196350441231745024, 9196350441231745024, 9196350441231745024, 140726511867744, 3688783678726477863, 11442674262241403392, 140726511867744, 2}}, __sp = {sched_priority = 0}, __policy = 0, __pad = {0 <repeats 16 times>}}
#3  0x000056159678d55b in AP_HAL::run_command_on_ownpid(char const*) ()
No symbol table info available.
#4  0x000056159678de0c in _sig_fpe(int) ()
No symbol table info available.
#5  <signal handler called>
No locals.
#6  0x0000561596884a88 in ProportionalController::step(float*, float*) ()
No symbol table info available.
#7  0x00005615967ff188 in AC_CustomControl_MC::update() ()
No symbol table info available.
#8  0x00005615967fee5f in AC_CustomControl::update() ()
No symbol table info available.
#9  0x000056159668e526 in AP_Scheduler::run(unsigned int) ()
No symbol table info available.
#10 0x000056159668ef0d in AP_Scheduler::loop() ()
No symbol table info available.
#11 0x00005615966932db in AP_Vehicle::loop() ()
No symbol table info available.
#12 0x0000561596786c4c in HAL_SITL::run(int, char* const*, AP_HAL::HAL::Callbacks*) const ()
No symbol table info available.
#13 0x00005615965b3da4 in main ()
No symbol table info available.
A debugging session is active.

	Inferior 1 [process 76113] will be detached.

Quit anyway? (y or n) [answered Y; input not from terminal]
[Inferior 1 (process 76113) detached]
